{"/Users/wangtao/workspace/react-webpack4-babel7/src/Foo.js": {"path":"/Users/wangtao/workspace/react-webpack4-babel7/src/Foo.js","statementMap":{"0":{"start":{"line":4,"column":2},"end":{"line":6,"column":8}}},"fnMap":{"0":{"name":"(anonymous_0)","decl":{"start":{"line":3,"column":15},"end":{"line":3,"column":16}},"loc":{"start":{"line":4,"column":2},"end":{"line":6,"column":8}},"line":4}},"branchMap":{},"s":{"0":1},"f":{"0":1},"b":{},"_coverageSchema":"43e27e138ebf9cfc5966b082cf9a028302ed4184","hash":"8cf52e3bbb64b13cefe625a6f2db0ade5d101c82"}
}
